This file contains any messages produced by compilers while
running configure, to aid debugging if configure makes a mistake.

It was created by alock configure 0.2.2, which was
generated by GNU Autoconf 2.69.  Invocation command line was

  $ ./configure --enable-pam --enable-hash --enable-xrender --enable-imlib2 --with-dunst --with-xbacklight

## --------- ##
## Platform. ##
## --------- ##

hostname = server1
uname -m = x86_64
uname -r = 4.15.2-gnu
uname -s = Linux
uname -v = #1 SMP 1

/usr/bin/uname -p = unknown
/bin/uname -X     = unknown

/bin/arch              = unknown
/usr/bin/arch -k       = unknown
/usr/convex/getsysinfo = unknown
/usr/bin/hostinfo      = unknown
/bin/machine           = unknown
/usr/bin/oslevel       = unknown
/bin/universe          = unknown

PATH: /usr/lib/cw
PATH: /home/user1/bin
PATH: /home/user1/.opam/system/bin
PATH: /home/user1/.cabal/bin
PATH: /usr/lib/cw
PATH: /home/user1/bin
PATH: /home/user1/.opam/system/bin
PATH: /home/user1/.cabal/bin
PATH: /home/user1/.guix-profile/bin
PATH: /home/user1/.guix-profile/sbin
PATH: /run/setuid-programs
PATH: /run/current-system/profile/bin
PATH: /run/current-system/profile/sbin
PATH: /usr/lib/python3.6/site-packages/
PATH: /usr/lib/python3.6/site-packages/


## ----------- ##
## Core tests. ##
## ----------- ##

configure:2226: checking for a BSD-compatible install
configure:2294: result: /run/current-system/profile/bin/install -c
configure:2305: checking whether build environment is sane
configure:2360: result: yes
configure:2511: checking for a thread-safe mkdir -p
configure:2550: result: /run/current-system/profile/bin/mkdir -p
configure:2557: checking for gawk
configure:2573: found /run/current-system/profile/bin/gawk
configure:2584: result: gawk
configure:2595: checking whether make sets $(MAKE)
configure:2621: result: no
configure:2646: checking whether make supports nested variables
configure:2663: result: no
configure:2838: checking for gcc
configure:2854: found /home/user1/.guix-profile/bin/gcc
configure:2865: result: gcc
configure:3094: checking for C compiler version
configure:3103: gcc --version >&5
gcc (GCC) 7.2.0
Copyright (C) 2017 Free Software Foundation, Inc.
This is free software; see the source for copying conditions.  There is NO
warranty; not even for MERCHANTABILITY or FITNESS FOR A PARTICULAR PURPOSE.

configure:3114: $? = 0
configure:3103: gcc -v >&5
Using built-in specs.
COLLECT_GCC=gcc
COLLECT_LTO_WRAPPER=/gnu/store/n44p52i7xbchg53h0m9sjj25xazcakk7-gcc-7.2.0/libexec/gcc/x86_64-unknown-linux-gnu/7.2.0/lto-wrapper
Target: x86_64-unknown-linux-gnu
Configured with: 
Thread model: posix
gcc version 7.2.0 (GCC) 
configure:3114: $? = 0
configure:3103: gcc -V >&5
gcc: error: unrecognized command line option '-V'
gcc: fatal error: no input files
compilation terminated.
configure:3114: $? = 1
configure:3103: gcc -qversion >&5
gcc: error: unrecognized command line option '-qversion'; did you mean '--version'?
gcc: fatal error: no input files
compilation terminated.
configure:3114: $? = 1
configure:3134: checking whether the C compiler works
configure:3156: gcc    conftest.c  >&5
configure:3160: $? = 0
configure:3208: result: yes
configure:3211: checking for C compiler default output file name
configure:3213: result: a.out
configure:3219: checking for suffix of executables
configure:3226: gcc -o conftest    conftest.c  >&5
configure:3230: $? = 0
configure:3252: result: 
configure:3274: checking whether we are cross compiling
configure:3282: gcc -o conftest    conftest.c  >&5
configure:3286: $? = 0
configure:3293: ./conftest
configure:3297: $? = 0
configure:3312: result: no
configure:3317: checking for suffix of object files
configure:3339: gcc -c   conftest.c >&5
configure:3343: $? = 0
configure:3364: result: o
configure:3368: checking whether we are using the GNU C compiler
configure:3387: gcc -c   conftest.c >&5
configure:3387: $? = 0
configure:3396: result: yes
configure:3405: checking whether gcc accepts -g
configure:3425: gcc -c -g  conftest.c >&5
configure:3425: $? = 0
configure:3466: result: yes
configure:3483: checking for gcc option to accept ISO C89
configure:3546: gcc  -c -g -O2  conftest.c >&5
configure:3546: $? = 0
configure:3559: result: none needed
configure:3584: checking whether gcc understands -c and -o together
configure:3606: gcc -c conftest.c -o conftest2.o
configure:3609: $? = 0
configure:3606: gcc -c conftest.c -o conftest2.o
configure:3609: $? = 0
configure:3621: result: yes
configure:3649: checking for style of include used by make
configure:3677: result: none
configure:3703: checking dependency style of gcc
configure:3814: result: none
configure:3856: checking for library containing clock_gettime
configure:3887: gcc -o conftest -g -O2   conftest.c  >&5
configure:3887: $? = 0
configure:3904: result: none required
configure:3966: checking for pkg-config
configure:3984: found /run/current-system/profile/bin/pkg-config
configure:3996: result: /run/current-system/profile/bin/pkg-config
configure:4021: checking pkg-config is at least version 0.9.0
configure:4024: result: yes
configure:4034: checking for x11
configure:4041: $PKG_CONFIG --exists --print-errors "x11"
configure:4044: $? = 0
configure:4058: $PKG_CONFIG --exists --print-errors "x11"
configure:4061: $? = 0
configure:4119: result: yes
configure:4127: checking for xext
configure:4134: $PKG_CONFIG --exists --print-errors "xext"
configure:4137: $? = 0
configure:4151: $PKG_CONFIG --exists --print-errors "xext"
configure:4154: $? = 0
configure:4192: result: yes
configure:4202: checking for xxf86misc
configure:4209: $PKG_CONFIG --exists --print-errors "xxf86misc"
Package xxf86misc was not found in the pkg-config search path.
Perhaps you should add the directory containing `xxf86misc.pc'
to the PKG_CONFIG_PATH environment variable
No package 'xxf86misc' found
configure:4212: $? = 1
configure:4226: $PKG_CONFIG --exists --print-errors "xxf86misc"
Package xxf86misc was not found in the pkg-config search path.
Perhaps you should add the directory containing `xxf86misc.pc'
to the PKG_CONFIG_PATH environment variable
No package 'xxf86misc' found
configure:4229: $? = 1
configure:4243: result: no
No package 'xxf86misc' found
configure:4293: checking how to run the C preprocessor
configure:4324: gcc -E  conftest.c
configure:4324: $? = 0
configure:4338: gcc -E  conftest.c
conftest.c:12:10: fatal error: ac_nonexistent.h: No such file or directory
 #include <ac_nonexistent.h>
          ^~~~~~~~~~~~~~~~~~
compilation terminated.
configure:4338: $? = 1
configure: failed program was:
| /* confdefs.h */
| #define PACKAGE_NAME "alock"
| #define PACKAGE_TARNAME "alock"
| #define PACKAGE_VERSION "0.2.2"
| #define PACKAGE_STRING "alock 0.2.2"
| #define PACKAGE_BUGREPORT "arkadiusz.bokowy@gmail.com"
| #define PACKAGE_URL ""
| #define PACKAGE "alock"
| #define VERSION "0.2.2"
| #define HAVE_XEXT 1
| /* end confdefs.h.  */
| #include <ac_nonexistent.h>
configure:4363: result: gcc -E
configure:4383: gcc -E  conftest.c
configure:4383: $? = 0
configure:4397: gcc -E  conftest.c
conftest.c:12:10: fatal error: ac_nonexistent.h: No such file or directory
 #include <ac_nonexistent.h>
          ^~~~~~~~~~~~~~~~~~
compilation terminated.
configure:4397: $? = 1
configure: failed program was:
| /* confdefs.h */
| #define PACKAGE_NAME "alock"
| #define PACKAGE_TARNAME "alock"
| #define PACKAGE_VERSION "0.2.2"
| #define PACKAGE_STRING "alock 0.2.2"
| #define PACKAGE_BUGREPORT "arkadiusz.bokowy@gmail.com"
| #define PACKAGE_URL ""
| #define PACKAGE "alock"
| #define VERSION "0.2.2"
| #define HAVE_XEXT 1
| /* end confdefs.h.  */
| #include <ac_nonexistent.h>
configure:4426: checking for grep that handles long lines and -e
configure:4484: result: /run/current-system/profile/bin/grep
configure:4489: checking for egrep
configure:4551: result: /run/current-system/profile/bin/grep -E
configure:4556: checking for ANSI C header files
configure:4576: gcc -c -g -O2  conftest.c >&5
configure:4576: $? = 0
configure:4649: gcc -o conftest -g -O2   conftest.c  >&5
configure:4649: $? = 0
configure:4649: ./conftest
configure:4649: $? = 0
configure:4660: result: yes
configure:4673: checking for sys/types.h
configure:4673: gcc -c -g -O2  conftest.c >&5
configure:4673: $? = 0
configure:4673: result: yes
configure:4673: checking for sys/stat.h
configure:4673: gcc -c -g -O2  conftest.c >&5
configure:4673: $? = 0
configure:4673: result: yes
configure:4673: checking for stdlib.h
configure:4673: gcc -c -g -O2  conftest.c >&5
configure:4673: $? = 0
configure:4673: result: yes
configure:4673: checking for string.h
configure:4673: gcc -c -g -O2  conftest.c >&5
configure:4673: $? = 0
configure:4673: result: yes
configure:4673: checking for memory.h
configure:4673: gcc -c -g -O2  conftest.c >&5
configure:4673: $? = 0
configure:4673: result: yes
configure:4673: checking for strings.h
configure:4673: gcc -c -g -O2  conftest.c >&5
configure:4673: $? = 0
configure:4673: result: yes
configure:4673: checking for inttypes.h
configure:4673: gcc -c -g -O2  conftest.c >&5
configure:4673: $? = 0
configure:4673: result: yes
configure:4673: checking for stdint.h
configure:4673: gcc -c -g -O2  conftest.c >&5
configure:4673: $? = 0
configure:4673: result: yes
configure:4673: checking for unistd.h
configure:4673: gcc -c -g -O2  conftest.c >&5
configure:4673: $? = 0
configure:4673: result: yes
configure:4689: checking security/pam_appl.h usability
configure:4689: gcc -c -g -O2  conftest.c >&5
conftest.c:55:10: fatal error: security/pam_appl.h: No such file or directory
 #include <security/pam_appl.h>
          ^~~~~~~~~~~~~~~~~~~~~
compilation terminated.
configure:4689: $? = 1
configure: failed program was:
| /* confdefs.h */
| #define PACKAGE_NAME "alock"
| #define PACKAGE_TARNAME "alock"
| #define PACKAGE_VERSION "0.2.2"
| #define PACKAGE_STRING "alock 0.2.2"
| #define PACKAGE_BUGREPORT "arkadiusz.bokowy@gmail.com"
| #define PACKAGE_URL ""
| #define PACKAGE "alock"
| #define VERSION "0.2.2"
| #define HAVE_XEXT 1
| #define STDC_HEADERS 1
| #define HAVE_SYS_TYPES_H 1
| #define HAVE_SYS_STAT_H 1
| #define HAVE_STDLIB_H 1
| #define HAVE_STRING_H 1
| #define HAVE_MEMORY_H 1
| #define HAVE_STRINGS_H 1
| #define HAVE_INTTYPES_H 1
| #define HAVE_STDINT_H 1
| #define HAVE_UNISTD_H 1
| /* end confdefs.h.  */
| #include <stdio.h>
| #ifdef HAVE_SYS_TYPES_H
| # include <sys/types.h>
| #endif
| #ifdef HAVE_SYS_STAT_H
| # include <sys/stat.h>
| #endif
| #ifdef STDC_HEADERS
| # include <stdlib.h>
| # include <stddef.h>
| #else
| # ifdef HAVE_STDLIB_H
| #  include <stdlib.h>
| # endif
| #endif
| #ifdef HAVE_STRING_H
| # if !defined STDC_HEADERS && defined HAVE_MEMORY_H
| #  include <memory.h>
| # endif
| # include <string.h>
| #endif
| #ifdef HAVE_STRINGS_H
| # include <strings.h>
| #endif
| #ifdef HAVE_INTTYPES_H
| # include <inttypes.h>
| #endif
| #ifdef HAVE_STDINT_H
| # include <stdint.h>
| #endif
| #ifdef HAVE_UNISTD_H
| # include <unistd.h>
| #endif
| #include <security/pam_appl.h>
configure:4689: result: no
configure:4689: checking security/pam_appl.h presence
configure:4689: gcc -E  conftest.c
conftest.c:22:10: fatal error: security/pam_appl.h: No such file or directory
 #include <security/pam_appl.h>
          ^~~~~~~~~~~~~~~~~~~~~
compilation terminated.
configure:4689: $? = 1
configure: failed program was:
| /* confdefs.h */
| #define PACKAGE_NAME "alock"
| #define PACKAGE_TARNAME "alock"
| #define PACKAGE_VERSION "0.2.2"
| #define PACKAGE_STRING "alock 0.2.2"
| #define PACKAGE_BUGREPORT "arkadiusz.bokowy@gmail.com"
| #define PACKAGE_URL ""
| #define PACKAGE "alock"
| #define VERSION "0.2.2"
| #define HAVE_XEXT 1
| #define STDC_HEADERS 1
| #define HAVE_SYS_TYPES_H 1
| #define HAVE_SYS_STAT_H 1
| #define HAVE_STDLIB_H 1
| #define HAVE_STRING_H 1
| #define HAVE_MEMORY_H 1
| #define HAVE_STRINGS_H 1
| #define HAVE_INTTYPES_H 1
| #define HAVE_STDINT_H 1
| #define HAVE_UNISTD_H 1
| /* end confdefs.h.  */
| #include <security/pam_appl.h>
configure:4689: result: no
configure:4689: checking for security/pam_appl.h
configure:4689: result: no
configure:4696: error: pam_appl.h header not found

## ---------------- ##
## Cache variables. ##
## ---------------- ##

ac_cv_c_compiler_gnu=yes
ac_cv_env_CC_set=
ac_cv_env_CC_value=
ac_cv_env_CFLAGS_set=
ac_cv_env_CFLAGS_value=
ac_cv_env_CPPFLAGS_set=
ac_cv_env_CPPFLAGS_value=
ac_cv_env_CPP_set=
ac_cv_env_CPP_value=
ac_cv_env_IMLIB2_CFLAGS_set=
ac_cv_env_IMLIB2_CFLAGS_value=
ac_cv_env_IMLIB2_LIBS_set=
ac_cv_env_IMLIB2_LIBS_value=
ac_cv_env_LDFLAGS_set=
ac_cv_env_LDFLAGS_value=
ac_cv_env_LIBS_set=
ac_cv_env_LIBS_value=
ac_cv_env_PKG_CONFIG_LIBDIR_set=
ac_cv_env_PKG_CONFIG_LIBDIR_value=
ac_cv_env_PKG_CONFIG_PATH_set=set
ac_cv_env_PKG_CONFIG_PATH_value=/run/current-system/profile/lib/pkgconfig:/run/current-system/profile/share/pkgconfig
ac_cv_env_PKG_CONFIG_set=
ac_cv_env_PKG_CONFIG_value=
ac_cv_env_X11_CFLAGS_set=
ac_cv_env_X11_CFLAGS_value=
ac_cv_env_X11_LIBS_set=
ac_cv_env_X11_LIBS_value=
ac_cv_env_XCURSOR_CFLAGS_set=
ac_cv_env_XCURSOR_CFLAGS_value=
ac_cv_env_XCURSOR_LIBS_set=
ac_cv_env_XCURSOR_LIBS_value=
ac_cv_env_XEXT_CFLAGS_set=
ac_cv_env_XEXT_CFLAGS_value=
ac_cv_env_XEXT_LIBS_set=
ac_cv_env_XEXT_LIBS_value=
ac_cv_env_XPM_CFLAGS_set=
ac_cv_env_XPM_CFLAGS_value=
ac_cv_env_XPM_LIBS_set=
ac_cv_env_XPM_LIBS_value=
ac_cv_env_XRENDER_CFLAGS_set=
ac_cv_env_XRENDER_CFLAGS_value=
ac_cv_env_XRENDER_LIBS_set=
ac_cv_env_XRENDER_LIBS_value=
ac_cv_env_XXF86MISC_CFLAGS_set=
ac_cv_env_XXF86MISC_CFLAGS_value=
ac_cv_env_XXF86MISC_LIBS_set=
ac_cv_env_XXF86MISC_LIBS_value=
ac_cv_env_build_alias_set=
ac_cv_env_build_alias_value=
ac_cv_env_host_alias_set=
ac_cv_env_host_alias_value=
ac_cv_env_target_alias_set=
ac_cv_env_target_alias_value=
ac_cv_header_inttypes_h=yes
ac_cv_header_memory_h=yes
ac_cv_header_security_pam_appl_h=no
ac_cv_header_stdc=yes
ac_cv_header_stdint_h=yes
ac_cv_header_stdlib_h=yes
ac_cv_header_string_h=yes
ac_cv_header_strings_h=yes
ac_cv_header_sys_stat_h=yes
ac_cv_header_sys_types_h=yes
ac_cv_header_unistd_h=yes
ac_cv_objext=o
ac_cv_path_EGREP='/run/current-system/profile/bin/grep -E'
ac_cv_path_GREP=/run/current-system/profile/bin/grep
ac_cv_path_ac_pt_PKG_CONFIG=/run/current-system/profile/bin/pkg-config
ac_cv_path_install='/run/current-system/profile/bin/install -c'
ac_cv_path_mkdir=/run/current-system/profile/bin/mkdir
ac_cv_prog_AWK=gawk
ac_cv_prog_CPP='gcc -E'
ac_cv_prog_ac_ct_CC=gcc
ac_cv_prog_cc_c89=
ac_cv_prog_cc_g=yes
ac_cv_prog_make_make_set=no
ac_cv_search_clock_gettime='none required'
am_cv_CC_dependencies_compiler_type=none
am_cv_make_support_nested_variables=no
am_cv_prog_cc_c_o=yes
pkg_cv_X11_CFLAGS='-I/gnu/store/9pdzf82v781948gv48ndzbb3qa810df8-libx11-1.6.5/include -I/gnu/store/3cxhfkh0n1naan9db0z302mwqpxqkry6-libxcb-1.12/include -I/gnu/store/4dcmvvkmys10mrlvx4xfjggvwf6zlixb-libxau-1.0.8/include -I/gnu/store/bjfbgwd1iaqdv3qpryr13lvzs7xyrjn0-libxdmcp-1.1.2/include -I/gnu/store/0np5m3mra5940awvq711bwkhnhwf1cny-xproto-7.0.31/include -I/gnu/store/xh3d0r8zc46fh9pjayxkwgklk1d175xb-kbproto-1.0.7/include'
pkg_cv_X11_LIBS='-L/gnu/store/9pdzf82v781948gv48ndzbb3qa810df8-libx11-1.6.5/lib -lX11'
pkg_cv_XEXT_CFLAGS='-I/gnu/store/7mdyg1vigcxqb1ra16mdqnhz8aa00xc7-libxext-1.3.3/include -I/gnu/store/9pdzf82v781948gv48ndzbb3qa810df8-libx11-1.6.5/include -I/gnu/store/3cxhfkh0n1naan9db0z302mwqpxqkry6-libxcb-1.12/include -I/gnu/store/4dcmvvkmys10mrlvx4xfjggvwf6zlixb-libxau-1.0.8/include -I/gnu/store/bjfbgwd1iaqdv3qpryr13lvzs7xyrjn0-libxdmcp-1.1.2/include -I/gnu/store/0np5m3mra5940awvq711bwkhnhwf1cny-xproto-7.0.31/include -I/gnu/store/xh3d0r8zc46fh9pjayxkwgklk1d175xb-kbproto-1.0.7/include -I/gnu/store/5avga6vm5n26wfirw7q3ivd3c8p1yx70-xextproto-7.3.0/include'
pkg_cv_XEXT_LIBS='-L/gnu/store/7mdyg1vigcxqb1ra16mdqnhz8aa00xc7-libxext-1.3.3/lib -lXext'

## ----------------- ##
## Output variables. ##
## ----------------- ##

ACLOCAL='${SHELL} /home/user1/.xmonad/alock/missing aclocal-1.15'
AMDEPBACKSLASH='\'
AMDEP_FALSE='#'
AMDEP_TRUE=''
AMTAR='$${TAR-tar}'
AM_BACKSLASH='\'
AM_DEFAULT_V='1'
AM_DEFAULT_VERBOSITY='1'
AM_V='1'
AUTOCONF='${SHELL} /home/user1/.xmonad/alock/missing autoconf'
AUTOHEADER='${SHELL} /home/user1/.xmonad/alock/missing autoheader'
AUTOMAKE='${SHELL} /home/user1/.xmonad/alock/missing automake-1.15'
AWK='gawk'
CC='gcc'
CCDEPMODE='depmode=none'
CFLAGS='-g -O2'
CPP='gcc -E'
CPPFLAGS=''
CYGPATH_W='echo'
DEFS=''
DEPDIR='.deps'
ECHO_C=''
ECHO_N='-n'
ECHO_T=''
EGREP='/run/current-system/profile/bin/grep -E'
ENABLE_DEBUG_FALSE=''
ENABLE_DEBUG_TRUE='#'
ENABLE_HASH_FALSE=''
ENABLE_HASH_TRUE=''
ENABLE_IMLIB2_FALSE=''
ENABLE_IMLIB2_TRUE=''
ENABLE_PAM_FALSE='#'
ENABLE_PAM_TRUE=''
ENABLE_PASSWD_FALSE=''
ENABLE_PASSWD_TRUE=''
ENABLE_XCURSOR_FALSE=''
ENABLE_XCURSOR_TRUE=''
ENABLE_XPM_FALSE=''
ENABLE_XPM_TRUE=''
ENABLE_XRENDER_FALSE=''
ENABLE_XRENDER_TRUE=''
EXEEXT=''
GREP='/run/current-system/profile/bin/grep'
IMLIB2_CFLAGS=''
IMLIB2_LIBS=''
INSTALL_DATA='${INSTALL} -m 644'
INSTALL_PROGRAM='${INSTALL}'
INSTALL_SCRIPT='${INSTALL}'
INSTALL_STRIP_PROGRAM='$(install_sh) -c -s'
LDFLAGS=''
LIBOBJS=''
LIBS=''
LTLIBOBJS=''
MAKEINFO='${SHELL} /home/user1/.xmonad/alock/missing makeinfo'
MKDIR_P='/run/current-system/profile/bin/mkdir -p'
OBJEXT='o'
PACKAGE='alock'
PACKAGE_BUGREPORT='arkadiusz.bokowy@gmail.com'
PACKAGE_NAME='alock'
PACKAGE_STRING='alock 0.2.2'
PACKAGE_TARNAME='alock'
PACKAGE_URL=''
PACKAGE_VERSION='0.2.2'
PATH_SEPARATOR=':'
PKG_CONFIG='/run/current-system/profile/bin/pkg-config'
PKG_CONFIG_LIBDIR=''
PKG_CONFIG_PATH='/run/current-system/profile/lib/pkgconfig:/run/current-system/profile/share/pkgconfig'
SET_MAKE='MAKE=make'
SHELL='/bin/sh'
STRIP=''
VERSION='0.2.2'
WITH_DUNST_FALSE=''
WITH_DUNST_TRUE=''
WITH_XBLIGHT_FALSE=''
WITH_XBLIGHT_TRUE=''
X11_CFLAGS='-I/gnu/store/9pdzf82v781948gv48ndzbb3qa810df8-libx11-1.6.5/include -I/gnu/store/3cxhfkh0n1naan9db0z302mwqpxqkry6-libxcb-1.12/include -I/gnu/store/4dcmvvkmys10mrlvx4xfjggvwf6zlixb-libxau-1.0.8/include -I/gnu/store/bjfbgwd1iaqdv3qpryr13lvzs7xyrjn0-libxdmcp-1.1.2/include -I/gnu/store/0np5m3mra5940awvq711bwkhnhwf1cny-xproto-7.0.31/include -I/gnu/store/xh3d0r8zc46fh9pjayxkwgklk1d175xb-kbproto-1.0.7/include'
X11_LIBS='-L/gnu/store/9pdzf82v781948gv48ndzbb3qa810df8-libx11-1.6.5/lib -lX11'
XCURSOR_CFLAGS=''
XCURSOR_LIBS=''
XEXT_CFLAGS='-I/gnu/store/7mdyg1vigcxqb1ra16mdqnhz8aa00xc7-libxext-1.3.3/include -I/gnu/store/9pdzf82v781948gv48ndzbb3qa810df8-libx11-1.6.5/include -I/gnu/store/3cxhfkh0n1naan9db0z302mwqpxqkry6-libxcb-1.12/include -I/gnu/store/4dcmvvkmys10mrlvx4xfjggvwf6zlixb-libxau-1.0.8/include -I/gnu/store/bjfbgwd1iaqdv3qpryr13lvzs7xyrjn0-libxdmcp-1.1.2/include -I/gnu/store/0np5m3mra5940awvq711bwkhnhwf1cny-xproto-7.0.31/include -I/gnu/store/xh3d0r8zc46fh9pjayxkwgklk1d175xb-kbproto-1.0.7/include -I/gnu/store/5avga6vm5n26wfirw7q3ivd3c8p1yx70-xextproto-7.3.0/include'
XEXT_LIBS='-L/gnu/store/7mdyg1vigcxqb1ra16mdqnhz8aa00xc7-libxext-1.3.3/lib -lXext'
XPM_CFLAGS=''
XPM_LIBS=''
XRENDER_CFLAGS=''
XRENDER_LIBS=''
XXF86MISC_CFLAGS=''
XXF86MISC_LIBS=''
ac_ct_CC='gcc'
am__EXEEXT_FALSE=''
am__EXEEXT_TRUE=''
am__fastdepCC_FALSE=''
am__fastdepCC_TRUE='#'
am__include='#'
am__isrc=''
am__leading_dot='.'
am__nodep='_no'
am__quote=''
am__tar='$${TAR-tar} chof - "$$tardir"'
am__untar='$${TAR-tar} xf -'
bindir='${exec_prefix}/bin'
build_alias=''
datadir='${datarootdir}'
datarootdir='${prefix}/share'
docdir='${datarootdir}/doc/${PACKAGE_TARNAME}'
dvidir='${docdir}'
exec_prefix='NONE'
host_alias=''
htmldir='${docdir}'
includedir='${prefix}/include'
infodir='${datarootdir}/info'
install_sh='${SHELL} /home/user1/.xmonad/alock/install-sh'
libdir='${exec_prefix}/lib'
libexecdir='${exec_prefix}/libexec'
localedir='${datarootdir}/locale'
localstatedir='${prefix}/var'
mandir='${datarootdir}/man'
mkdir_p='$(MKDIR_P)'
oldincludedir='/usr/include'
pdfdir='${docdir}'
prefix='NONE'
program_transform_name='s,x,x,'
psdir='${docdir}'
sbindir='${exec_prefix}/sbin'
sharedstatedir='${prefix}/com'
sysconfdir='${prefix}/etc'
target_alias=''

## ----------- ##
## confdefs.h. ##
## ----------- ##

/* confdefs.h */
#define PACKAGE_NAME "alock"
#define PACKAGE_TARNAME "alock"
#define PACKAGE_VERSION "0.2.2"
#define PACKAGE_STRING "alock 0.2.2"
#define PACKAGE_BUGREPORT "arkadiusz.bokowy@gmail.com"
#define PACKAGE_URL ""
#define PACKAGE "alock"
#define VERSION "0.2.2"
#define HAVE_XEXT 1
#define STDC_HEADERS 1
#define HAVE_SYS_TYPES_H 1
#define HAVE_SYS_STAT_H 1
#define HAVE_STDLIB_H 1
#define HAVE_STRING_H 1
#define HAVE_MEMORY_H 1
#define HAVE_STRINGS_H 1
#define HAVE_INTTYPES_H 1
#define HAVE_STDINT_H 1
#define HAVE_UNISTD_H 1

configure: exit 1
